0 info it worked if it ends with ok
1 verbose cli [ 'C:\\Program Files\\nodejs\\node.exe',
1 verbose cli   'C:\\Program Files\\nodejs\\node_modules\\npm\\bin\\npm-cli.js',
1 verbose cli   'install',
1 verbose cli   'gems' ]
2 info using npm@2.14.12
3 info using node@v4.2.4
4 verbose install initial load of C:\Users\Larry C. Markley\Downloads\minimal-mistakes-master\minimal-mistakes-master\package.json
5 warn package.json minimal-mistakes-theme@ No license field.
6 verbose installManyTop reading scoped package data from C:\Users\Larry C. Markley\Downloads\minimal-mistakes-master\minimal-mistakes-master\node_modules\gem\package.json
7 verbose installManyTop reading scoped package data from C:\Users\Larry C. Markley\Downloads\minimal-mistakes-master\minimal-mistakes-master\node_modules\grunt\package.json
8 verbose installManyTop reading scoped package data from C:\Users\Larry C. Markley\Downloads\minimal-mistakes-master\minimal-mistakes-master\node_modules\grunt-contrib-clean\package.json
9 verbose installManyTop reading scoped package data from C:\Users\Larry C. Markley\Downloads\minimal-mistakes-master\minimal-mistakes-master\node_modules\grunt-contrib-imagemin\package.json
10 verbose installManyTop reading scoped package data from C:\Users\Larry C. Markley\Downloads\minimal-mistakes-master\minimal-mistakes-master\node_modules\grunt-contrib-jshint\package.json
11 verbose installManyTop reading scoped package data from C:\Users\Larry C. Markley\Downloads\minimal-mistakes-master\minimal-mistakes-master\node_modules\grunt-contrib-uglify\package.json
12 verbose installManyTop reading scoped package data from C:\Users\Larry C. Markley\Downloads\minimal-mistakes-master\minimal-mistakes-master\node_modules\grunt-contrib-watch\package.json
13 verbose installManyTop reading scoped package data from C:\Users\Larry C. Markley\Downloads\minimal-mistakes-master\minimal-mistakes-master\node_modules\grunt-recess\package.json
14 verbose installManyTop reading scoped package data from C:\Users\Larry C. Markley\Downloads\minimal-mistakes-master\minimal-mistakes-master\node_modules\grunt-svgmin\package.json
15 verbose installManyTop reading scoped package data from C:\Users\Larry C. Markley\Downloads\minimal-mistakes-master\minimal-mistakes-master\node_modules\proto\package.json
16 info package.json gem@2.0.3 license should be a valid SPDX license expression
17 info package.json proto@1.0.19 No license field.
18 info package.json grunt-contrib-jshint@0.6.5 No license field.
19 info package.json grunt@0.4.5 No license field.
20 info package.json grunt-recess@0.3.5 No license field.
21 info package.json grunt-contrib-imagemin@0.2.1 No license field.
22 info package.json grunt-svgmin@0.2.1 No license field.
23 info package.json grunt-contrib-clean@0.5.0 No license field.
24 info package.json grunt-contrib-uglify@0.2.7 No license field.
25 info package.json grunt-contrib-watch@0.5.3 No license field.
26 verbose readDependencies loading dependencies from C:\Users\Larry C. Markley\Downloads\minimal-mistakes-master\minimal-mistakes-master\package.json
27 silly cache add args [ 'gems', null ]
28 verbose cache add spec gems
29 silly cache add parsed spec Result {
29 silly cache add   raw: 'gems',
29 silly cache add   scope: null,
29 silly cache add   name: 'gems',
29 silly cache add   rawSpec: '',
29 silly cache add   spec: 'latest',
29 silly cache add   type: 'tag' }
30 silly addNamed gems@latest
31 verbose addNamed "latest" is being treated as a dist-tag for gems
32 info addNameTag [ 'gems', 'latest' ]
33 silly mapToRegistry name gems
34 silly mapToRegistry using default registry
35 silly mapToRegistry registry https://registry.npmjs.org/
36 silly mapToRegistry uri https://registry.npmjs.org/gems
37 verbose addNameTag registry:https://registry.npmjs.org/gems not in flight; fetching
38 verbose request uri https://registry.npmjs.org/gems
39 verbose request no auth needed
40 info attempt registry request try #1 at 4:10:01 PM
41 verbose request id 207787c4cc9e09d3
42 http request GET https://registry.npmjs.org/gems
43 http 404 https://registry.npmjs.org/gems
44 verbose headers { 'content-type': 'application/json',
44 verbose headers   'cache-control': 'max-age=0',
44 verbose headers   'content-length': '2',
44 verbose headers   'accept-ranges': 'bytes',
44 verbose headers   date: 'Sun, 14 Feb 2016 21:10:38 GMT',
44 verbose headers   via: '1.1 varnish',
44 verbose headers   age: '0',
44 verbose headers   connection: 'keep-alive',
44 verbose headers   'x-served-by': 'cache-iad2126-IAD',
44 verbose headers   'x-cache': 'MISS',
44 verbose headers   'x-cache-hits': '0',
44 verbose headers   'x-timer': 'S1455484238.819002,VS0,VE56' }
45 silly get cb [ 404,
45 silly get   { 'content-type': 'application/json',
45 silly get     'cache-control': 'max-age=0',
45 silly get     'content-length': '2',
45 silly get     'accept-ranges': 'bytes',
45 silly get     date: 'Sun, 14 Feb 2016 21:10:38 GMT',
45 silly get     via: '1.1 varnish',
45 silly get     age: '0',
45 silly get     connection: 'keep-alive',
45 silly get     'x-served-by': 'cache-iad2126-IAD',
45 silly get     'x-cache': 'MISS',
45 silly get     'x-cache-hits': '0',
45 silly get     'x-timer': 'S1455484238.819002,VS0,VE56' } ]
46 verbose stack Error: Registry returned 404 for GET on https://registry.npmjs.org/gems
46 verbose stack     at makeError (C:\Program Files\nodejs\node_modules\npm\node_modules\npm-registry-client\lib\request.js:264:12)
46 verbose stack     at CachingRegistryClient.<anonymous> (C:\Program Files\nodejs\node_modules\npm\node_modules\npm-registry-client\lib\request.js:242:14)
46 verbose stack     at Request._callback (C:\Program Files\nodejs\node_modules\npm\node_modules\npm-registry-client\lib\request.js:172:14)
46 verbose stack     at Request.self.callback (C:\Program Files\nodejs\node_modules\npm\node_modules\request\request.js:198:22)
46 verbose stack     at emitTwo (events.js:87:13)
46 verbose stack     at Request.emit (events.js:172:7)
46 verbose stack     at Request.<anonymous> (C:\Program Files\nodejs\node_modules\npm\node_modules\request\request.js:1082:10)
46 verbose stack     at emitOne (events.js:82:20)
46 verbose stack     at Request.emit (events.js:169:7)
46 verbose stack     at IncomingMessage.<anonymous> (C:\Program Files\nodejs\node_modules\npm\node_modules\request\request.js:1009:12)
47 verbose statusCode 404
48 verbose pkgid gems
49 verbose cwd C:\Users\Larry C. Markley\Downloads\minimal-mistakes-master\minimal-mistakes-master
50 error Windows_NT 10.0.10586
51 error argv "C:\\Program Files\\nodejs\\node.exe" "C:\\Program Files\\nodejs\\node_modules\\npm\\bin\\npm-cli.js" "install" "gems"
52 error node v4.2.4
53 error npm  v2.14.12
54 error code E404
55 error 404 Registry returned 404 for GET on https://registry.npmjs.org/gems
55 error 404
55 error 404 'gems' is not in the npm registry.
55 error 404 You should bug the author to publish it (or use the name yourself!)
55 error 404 It was specified as a dependency of 'minimal-mistakes-theme'
55 error 404
55 error 404 Note that you can also install from a
55 error 404 tarball, folder, http url, or git url.
56 verbose exit [ 1, true ]
